[25-Apr-2022 12:29:34 Asia/Tokyo] PHP Parse error:  syntax error, unexpected '<', expecting end of file in /var/www/html/user/index.php on line 3
[25-Apr-2022 13:49:58 Asia/Tokyo] PHP Notice:  Only variables should be passed by reference in /var/www/html/user/action/register.php on line 15
[26-Apr-2022 00:19:10 Asia/Tokyo] PHP Warning:  array_push() expects parameter 1 to be array, null given in /var/www/html/common/validation.php on line 11
[26-Apr-2022 00:19:10 Asia/Tokyo] PHP Warning:  array_push() expects parameter 1 to be array, null given in /var/www/html/common/validation.php on line 11
[26-Apr-2022 00:19:10 Asia/Tokyo] PHP Warning:  array_push() expects parameter 1 to be array, null given in /var/www/html/common/validation.php on line 11
[26-Apr-2022 00:19:10 Asia/Tokyo] PHP Warning:  array_push() expects parameter 1 to be array, null given in /var/www/html/common/validation.php on line 24
[26-Apr-2022 00:19:10 Asia/Tokyo] PHP Warning:  array_push() expects parameter 1 to be array, null given in /var/www/html/common/validation.php on line 49
[26-Apr-2022 00:19:10 Asia/Tokyo] PHP Warning:  array_push() expects parameter 1 to be array, null given in /var/www/html/common/validation.php on line 61
[26-Apr-2022 00:19:10 Asia/Tokyo] PHP Warning:  array_push() expects parameter 1 to be array, null given in /var/www/html/common/validation.php on line 61
[26-Apr-2022 00:19:10 Asia/Tokyo] PHP Fatal error:  Uncaught Error: Call to undefined function mailAddressDuplicationCheck() in /var/www/html/user/action/register.php:30
Stack trace:
#0 {main}
  thrown in /var/www/html/user/action/register.php on line 30
[26-Apr-2022 00:19:45 Asia/Tokyo] PHP Warning:  array_push() expects parameter 1 to be array, null given in /var/www/html/common/validation.php on line 11
[26-Apr-2022 00:19:45 Asia/Tokyo] PHP Warning:  array_push() expects parameter 1 to be array, null given in /var/www/html/common/validation.php on line 11
[26-Apr-2022 00:19:45 Asia/Tokyo] PHP Warning:  array_push() expects parameter 1 to be array, null given in /var/www/html/common/validation.php on line 11
[26-Apr-2022 00:19:45 Asia/Tokyo] PHP Warning:  array_push() expects parameter 1 to be array, null given in /var/www/html/common/validation.php on line 24
[26-Apr-2022 00:19:45 Asia/Tokyo] PHP Warning:  array_push() expects parameter 1 to be array, null given in /var/www/html/common/validation.php on line 49
[26-Apr-2022 00:19:45 Asia/Tokyo] PHP Warning:  array_push() expects parameter 1 to be array, null given in /var/www/html/common/validation.php on line 61
[26-Apr-2022 00:19:45 Asia/Tokyo] PHP Warning:  array_push() expects parameter 1 to be array, null given in /var/www/html/common/validation.php on line 61
[26-Apr-2022 00:19:45 Asia/Tokyo] PHP Fatal error:  Uncaught Error: Call to undefined function mailAddressDuplicationCheck() in /var/www/html/user/action/register.php:30
Stack trace:
#0 {main}
  thrown in /var/www/html/user/action/register.php on line 30
[26-Apr-2022 09:27:36 Asia/Tokyo] PHP Warning:  array_push() expects parameter 1 to be array, null given in /var/www/html/common/validation.php on line 11
[26-Apr-2022 09:27:36 Asia/Tokyo] PHP Warning:  array_push() expects parameter 1 to be array, null given in /var/www/html/common/validation.php on line 11
[26-Apr-2022 09:27:36 Asia/Tokyo] PHP Warning:  array_push() expects parameter 1 to be array, null given in /var/www/html/common/validation.php on line 11
[26-Apr-2022 09:27:36 Asia/Tokyo] PHP Warning:  array_push() expects parameter 1 to be array, null given in /var/www/html/common/validation.php on line 24
[26-Apr-2022 09:27:36 Asia/Tokyo] PHP Warning:  array_push() expects parameter 1 to be array, null given in /var/www/html/common/validation.php on line 49
[26-Apr-2022 09:27:36 Asia/Tokyo] PHP Warning:  array_push() expects parameter 1 to be array, null given in /var/www/html/common/validation.php on line 61
[26-Apr-2022 09:27:36 Asia/Tokyo] PHP Warning:  array_push() expects parameter 1 to be array, null given in /var/www/html/common/validation.php on line 61
[26-Apr-2022 09:27:36 Asia/Tokyo] PHP Fatal error:  Uncaught Error: Call to undefined function mailAddressDuplicationCheck() in /var/www/html/user/action/register.php:30
Stack trace:
#0 {main}
  thrown in /var/www/html/user/action/register.php on line 30
[26-Apr-2022 10:55:48 Asia/Tokyo] PHP Fatal error:  Uncaught Error: Call to undefined function mailAddressDuplicationCheck() in /var/www/html/user/action/register.php:30
Stack trace:
#0 {main}
  thrown in /var/www/html/user/action/register.php on line 30
[26-Apr-2022 11:00:48 Asia/Tokyo] PHP Fatal error:  Uncaught Error: Call to undefined function mailAddressDuplicationCheck() in /var/www/html/user/action/register.php:30
Stack trace:
#0 {main}
  thrown in /var/www/html/user/action/register.php on line 30
[26-Apr-2022 11:03:11 Asia/Tokyo] PHP Fatal error:  Uncaught Error: Call to undefined function mailAddressDuplicationCheck() in /var/www/html/user/action/register.php:30
Stack trace:
#0 {main}
  thrown in /var/www/html/user/action/register.php on line 30
[26-Apr-2022 11:04:24 Asia/Tokyo] PHP Parse error:  syntax error, unexpected '$_SESSION' (T_VARIABLE) in /var/www/html/user/action/register.php on line 30
[26-Apr-2022 11:05:41 Asia/Tokyo] PHP Fatal error:  Uncaught Error: Call to undefined function mailAddressDuplicationCheck() in /var/www/html/user/action/register.php:30
Stack trace:
#0 {main}
  thrown in /var/www/html/user/action/register.php on line 30
[26-Apr-2022 11:10:51 Asia/Tokyo] PHP Notice:  Undefined index: user_name in /var/www/html/user/action/register.php on line 6
[26-Apr-2022 11:10:51 Asia/Tokyo] PHP Notice:  Undefined index: user_email in /var/www/html/user/action/register.php on line 7
[26-Apr-2022 11:10:51 Asia/Tokyo] PHP Notice:  Undefined index: user_password in /var/www/html/user/action/register.php on line 8
[26-Apr-2022 11:11:37 Asia/Tokyo] PHP Fatal error:  Uncaught Error: Call to undefined function mailAddressDuplicationCheck() in /var/www/html/user/action/register.php:28
Stack trace:
#0 {main}
  thrown in /var/www/html/user/action/register.php on line 28
[26-Apr-2022 11:20:30 Asia/Tokyo] PHP Notice:  Only variables should be passed by reference in /var/www/html/user/action/register.php on line 43
[27-Apr-2022 11:58:08 Asia/Tokyo] PHP Notice:  Only variables should be passed by reference in /var/www/html/memo/action/update.php on line 20
[27-Apr-2022 11:58:08 Asia/Tokyo] PHP Notice:  Only variables should be passed by reference in /var/www/html/memo/action/update.php on line 21
[27-Apr-2022 11:59:59 Asia/Tokyo] PHP Notice:  Only variables should be passed by reference in /var/www/html/memo/action/update.php on line 20
[27-Apr-2022 11:59:59 Asia/Tokyo] PHP Notice:  Only variables should be passed by reference in /var/www/html/memo/action/update.php on line 21
[27-Apr-2022 12:00:39 Asia/Tokyo] PHP Notice:  Only variables should be passed by reference in /var/www/html/memo/action/update.php on line 20
[27-Apr-2022 12:00:39 Asia/Tokyo] PHP Notice:  Only variables should be passed by reference in /var/www/html/memo/action/update.php on line 21
[27-Apr-2022 12:00:45 Asia/Tokyo] PHP Notice:  Only variables should be passed by reference in /var/www/html/memo/action/update.php on line 20
[27-Apr-2022 12:00:45 Asia/Tokyo] PHP Notice:  Only variables should be passed by reference in /var/www/html/memo/action/update.php on line 21
[27-Apr-2022 12:01:18 Asia/Tokyo] PHP Notice:  Only variables should be passed by reference in /var/www/html/memo/action/update.php on line 20
[27-Apr-2022 12:01:18 Asia/Tokyo] PHP Notice:  Only variables should be passed by reference in /var/www/html/memo/action/update.php on line 21
[27-Apr-2022 12:07:31 Asia/Tokyo] PHP Notice:  Only variables should be passed by reference in /var/www/html/memo/action/update.php on line 20
[27-Apr-2022 12:07:31 Asia/Tokyo] PHP Notice:  Only variables should be passed by reference in /var/www/html/memo/action/update.php on line 21
[27-Apr-2022 12:10:06 Asia/Tokyo] PHP Notice:  Only variables should be passed by reference in /var/www/html/memo/action/update.php on line 20
[27-Apr-2022 12:10:06 Asia/Tokyo] PHP Notice:  Only variables should be passed by reference in /var/www/html/memo/action/update.php on line 21
[27-Apr-2022 12:16:38 Asia/Tokyo] PHP Notice:  Only variables should be passed by reference in /var/www/html/memo/action/update.php on line 20
[27-Apr-2022 12:16:38 Asia/Tokyo] PHP Notice:  Only variables should be passed by reference in /var/www/html/memo/action/update.php on line 21
[27-Apr-2022 12:16:41 Asia/Tokyo] PHP Notice:  Only variables should be passed by reference in /var/www/html/memo/action/update.php on line 20
[27-Apr-2022 12:16:41 Asia/Tokyo] PHP Notice:  Only variables should be passed by reference in /var/www/html/memo/action/update.php on line 21
[27-Apr-2022 12:26:26 Asia/Tokyo] PHP Notice:  Only variables should be passed by reference in /var/www/html/memo/action/update.php on line 20
[27-Apr-2022 12:26:26 Asia/Tokyo] PHP Notice:  Only variables should be passed by reference in /var/www/html/memo/action/update.php on line 21
[27-Apr-2022 12:32:15 Asia/Tokyo] PHP Notice:  Only variables should be passed by reference in /var/www/html/memo/action/update.php on line 20
[27-Apr-2022 12:32:15 Asia/Tokyo] PHP Notice:  Only variables should be passed by reference in /var/www/html/memo/action/update.php on line 21
[27-Apr-2022 13:29:31 Asia/Tokyo] PHP Notice:  Only variables should be passed by reference in /var/www/html/memo/action/update.php on line 20
[27-Apr-2022 13:29:31 Asia/Tokyo] PHP Notice:  Only variables should be passed by reference in /var/www/html/memo/action/update.php on line 21
[27-Apr-2022 13:29:44 Asia/Tokyo] PHP Notice:  Only variables should be passed by reference in /var/www/html/memo/action/update.php on line 20
[27-Apr-2022 13:29:44 Asia/Tokyo] PHP Notice:  Only variables should be passed by reference in /var/www/html/memo/action/update.php on line 21
[27-Apr-2022 13:42:43 Asia/Tokyo] PHP Warning:  require(../../commond/database.php): failed to open stream: No such file or directory in /var/www/html/memo/action/delete.php on line 3
[27-Apr-2022 13:42:43 Asia/Tokyo] PHP Fatal error:  require(): Failed opening required '../../commond/database.php' (include_path='.:/usr/local/lib/php') in /var/www/html/memo/action/delete.php on line 3
[27-Apr-2022 14:06:04 Asia/Tokyo] PHP Notice:  Only variables should be passed by reference in /var/www/html/memo/action/update.php on line 20
[27-Apr-2022 14:06:04 Asia/Tokyo] PHP Notice:  Only variables should be passed by reference in /var/www/html/memo/action/update.php on line 21
